<?xml version="1.0" encoding="UTF-8"?>
<testsuite xmlns:xsi="http://www.w3.org/2001/XMLSchema-instance" xsi:noNamespaceSchemaLocation="https://maven.apache.org/surefire/maven-surefire-plugin/xsd/surefire-test-report.xsd" name="com.example.demo.SpringAccountStatements1ApplicationTests" time="3.215" tests="1" errors="0" skipped="0" failures="0">
  <properties>
    <property name="sun.desktop" value="windows"/>
    <property name="awt.toolkit" value="sun.awt.windows.WToolkit"/>
    <property name="file.encoding.pkg" value="sun.io"/>
    <property name="java.specification.version" value="1.8"/>
    <property name="sun.cpu.isalist" value="amd64"/>
    <property name="sun.jnu.encoding" value="Cp1252"/>
    <property name="java.class.path" value="C:\Users\telekunea\eclipse-workspace\spring-account-statements1\target\test-classes;C:\Users\telekunea\eclipse-workspace\spring-account-statements1\target\classes;C:\Users\telekunea\.m2\repository\org\springframework\boot\spring-boot-starter\2.0.2.RELEASE\spring-boot-starter-2.0.2.RELEASE.jar;C:\Users\telekunea\.m2\repository\org\springframework\boot\spring-boot\2.0.2.RELEASE\spring-boot-2.0.2.RELEASE.jar;C:\Users\telekunea\.m2\repository\org\springframework\boot\spring-boot-autoconfigure\2.0.2.RELEASE\spring-boot-autoconfigure-2.0.2.RELEASE.jar;C:\Users\telekunea\.m2\repository\org\springframework\boot\spring-boot-starter-logging\2.0.2.RELEASE\spring-boot-starter-logging-2.0.2.RELEASE.jar;C:\Users\telekunea\.m2\repository\ch\qos\logback\logback-classic\1.2.3\logback-classic-1.2.3.jar;C:\Users\telekunea\.m2\repository\ch\qos\logback\logback-core\1.2.3\logback-core-1.2.3.jar;C:\Users\telekunea\.m2\repository\org\apache\logging\log4j\log4j-to-slf4j\2.10.0\log4j-to-slf4j-2.10.0.jar;C:\Users\telekunea\.m2\repository\org\apache\logging\log4j\log4j-api\2.10.0\log4j-api-2.10.0.jar;C:\Users\telekunea\.m2\repository\org\slf4j\jul-to-slf4j\1.7.25\jul-to-slf4j-1.7.25.jar;C:\Users\telekunea\.m2\repository\javax\annotation\javax.annotation-api\1.3.2\javax.annotation-api-1.3.2.jar;C:\Users\telekunea\.m2\repository\org\springframework\spring-core\5.0.6.RELEASE\spring-core-5.0.6.RELEASE.jar;C:\Users\telekunea\.m2\repository\org\springframework\spring-jcl\5.0.6.RELEASE\spring-jcl-5.0.6.RELEASE.jar;C:\Users\telekunea\.m2\repository\org\yaml\snakeyaml\1.19\snakeyaml-1.19.jar;C:\Users\telekunea\.m2\repository\org\springframework\boot\spring-boot-starter-test\2.0.2.RELEASE\spring-boot-starter-test-2.0.2.RELEASE.jar;C:\Users\telekunea\.m2\repository\org\springframework\boot\spring-boot-test\2.0.2.RELEASE\spring-boot-test-2.0.2.RELEASE.jar;C:\Users\telekunea\.m2\repository\org\springframework\boot\spring-boot-test-autoconfigure\2.0.2.RELEASE\spring-boot-test-autoconfigure-2.0.2.RELEASE.jar;C:\Users\telekunea\.m2\repository\com\jayway\jsonpath\json-path\2.4.0\json-path-2.4.0.jar;C:\Users\telekunea\.m2\repository\net\minidev\json-smart\2.3\json-smart-2.3.jar;C:\Users\telekunea\.m2\repository\net\minidev\accessors-smart\1.2\accessors-smart-1.2.jar;C:\Users\telekunea\.m2\repository\org\assertj\assertj-core\3.9.1\assertj-core-3.9.1.jar;C:\Users\telekunea\.m2\repository\org\mockito\mockito-core\2.15.0\mockito-core-2.15.0.jar;C:\Users\telekunea\.m2\repository\net\bytebuddy\byte-buddy\1.7.11\byte-buddy-1.7.11.jar;C:\Users\telekunea\.m2\repository\net\bytebuddy\byte-buddy-agent\1.7.11\byte-buddy-agent-1.7.11.jar;C:\Users\telekunea\.m2\repository\org\objenesis\objenesis\2.6\objenesis-2.6.jar;C:\Users\telekunea\.m2\repository\org\hamcrest\hamcrest-core\1.3\hamcrest-core-1.3.jar;C:\Users\telekunea\.m2\repository\org\hamcrest\hamcrest-library\1.3\hamcrest-library-1.3.jar;C:\Users\telekunea\.m2\repository\org\skyscreamer\jsonassert\1.5.0\jsonassert-1.5.0.jar;C:\Users\telekunea\.m2\repository\com\vaadin\external\google\android-json\0.0.20131108.vaadin1\android-json-0.0.20131108.vaadin1.jar;C:\Users\telekunea\.m2\repository\org\springframework\spring-test\5.0.6.RELEASE\spring-test-5.0.6.RELEASE.jar;C:\Users\telekunea\.m2\repository\org\xmlunit\xmlunit-core\2.5.1\xmlunit-core-2.5.1.jar;C:\Users\telekunea\.m2\repository\junit\junit\4.12\junit-4.12.jar;C:\Users\telekunea\.m2\repository\org\apache\cxf\cxf-rt-frontend-jaxws\3.2.4\cxf-rt-frontend-jaxws-3.2.4.jar;C:\Users\telekunea\.m2\repository\xml-resolver\xml-resolver\1.2\xml-resolver-1.2.jar;C:\Users\telekunea\.m2\repository\org\ow2\asm\asm\5.2\asm-5.2.jar;C:\Users\telekunea\.m2\repository\org\apache\cxf\cxf-core\3.2.4\cxf-core-3.2.4.jar;C:\Users\telekunea\.m2\repository\com\fasterxml\woodstox\woodstox-core\5.0.3\woodstox-core-5.0.3.jar;C:\Users\telekunea\.m2\repository\org\apache\ws\xmlschema\xmlschema-core\2.2.3\xmlschema-core-2.2.3.jar;C:\Users\telekunea\.m2\repository\org\apache\cxf\cxf-rt-bindings-soap\3.2.4\cxf-rt-bindings-soap-3.2.4.jar;C:\Users\telekunea\.m2\repository\org\apache\cxf\cxf-rt-wsdl\3.2.4\cxf-rt-wsdl-3.2.4.jar;C:\Users\telekunea\.m2\repository\org\apache\cxf\cxf-rt-databinding-jaxb\3.2.4\cxf-rt-databinding-jaxb-3.2.4.jar;C:\Users\telekunea\.m2\repository\org\apache\cxf\cxf-rt-bindings-xml\3.2.4\cxf-rt-bindings-xml-3.2.4.jar;C:\Users\telekunea\.m2\repository\org\apache\cxf\cxf-rt-frontend-simple\3.2.4\cxf-rt-frontend-simple-3.2.4.jar;C:\Users\telekunea\.m2\repository\org\apache\cxf\cxf-rt-ws-addr\3.2.4\cxf-rt-ws-addr-3.2.4.jar;C:\Users\telekunea\.m2\repository\org\apache\cxf\cxf-rt-frontend-jaxrs\3.2.4\cxf-rt-frontend-jaxrs-3.2.4.jar;C:\Users\telekunea\.m2\repository\javax\ws\rs\javax.ws.rs-api\2.1\javax.ws.rs-api-2.1.jar;C:\Users\telekunea\.m2\repository\org\apache\cxf\cxf-rt-transports-http\3.2.4\cxf-rt-transports-http-3.2.4.jar;C:\Users\telekunea\.m2\repository\org\apache\cxf\cxf-rt-ws-security\3.2.4\cxf-rt-ws-security-3.2.4.jar;C:\Users\telekunea\.m2\repository\org\apache\cxf\cxf-rt-security-saml\3.2.4\cxf-rt-security-saml-3.2.4.jar;C:\Users\telekunea\.m2\repository\org\apache\cxf\cxf-rt-security\3.2.4\cxf-rt-security-3.2.4.jar;C:\Users\telekunea\.m2\repository\net\sf\ehcache\ehcache\2.10.4\ehcache-2.10.4.jar;C:\Users\telekunea\.m2\repository\org\apache\wss4j\wss4j-ws-security-dom\2.2.1\wss4j-ws-security-dom-2.2.1.jar;C:\Users\telekunea\.m2\repository\org\apache\wss4j\wss4j-ws-security-common\2.2.1\wss4j-ws-security-common-2.2.1.jar;C:\Users\telekunea\.m2\repository\org\apache\santuario\xmlsec\2.1.1\xmlsec-2.1.1.jar;C:\Users\telekunea\.m2\repository\commons-codec\commons-codec\1.11\commons-codec-1.11.jar;C:\Users\telekunea\.m2\repository\org\opensaml\opensaml-saml-impl\3.3.0\opensaml-saml-impl-3.3.0.jar;C:\Users\telekunea\.m2\repository\org\opensaml\opensaml-profile-api\3.3.0\opensaml-profile-api-3.3.0.jar;C:\Users\telekunea\.m2\repository\org\opensaml\opensaml-core\3.3.0\opensaml-core-3.3.0.jar;C:\Users\telekunea\.m2\repository\io\dropwizard\metrics\metrics-core\3.2.6\metrics-core-3.2.6.jar;C:\Users\telekunea\.m2\repository\org\opensaml\opensaml-saml-api\3.3.0\opensaml-saml-api-3.3.0.jar;C:\Users\telekunea\.m2\repository\org\opensaml\opensaml-xmlsec-api\3.3.0\opensaml-xmlsec-api-3.3.0.jar;C:\Users\telekunea\.m2\repository\org\opensaml\opensaml-soap-api\3.3.0\opensaml-soap-api-3.3.0.jar;C:\Users\telekunea\.m2\repository\org\opensaml\opensaml-security-impl\3.3.0\opensaml-security-impl-3.3.0.jar;C:\Users\telekunea\.m2\repository\org\opensaml\opensaml-security-api\3.3.0\opensaml-security-api-3.3.0.jar;C:\Users\telekunea\.m2\repository\org\cryptacular\cryptacular\1.1.1\cryptacular-1.1.1.jar;C:\Users\telekunea\.m2\repository\org\bouncycastle\bcprov-jdk15on\1.54\bcprov-jdk15on-1.54.jar;C:\Users\telekunea\.m2\repository\org\opensaml\opensaml-xmlsec-impl\3.3.0\opensaml-xmlsec-impl-3.3.0.jar;C:\Users\telekunea\.m2\repository\net\shibboleth\utilities\java-support\7.3.0\java-support-7.3.0.jar;C:\Users\telekunea\.m2\repository\com\google\guava\guava\19.0\guava-19.0.jar;C:\Users\telekunea\.m2\repository\joda-time\joda-time\2.9.9\joda-time-2.9.9.jar;C:\Users\telekunea\.m2\repository\org\opensaml\opensaml-xacml-impl\3.3.0\opensaml-xacml-impl-3.3.0.jar;C:\Users\telekunea\.m2\repository\org\opensaml\opensaml-xacml-api\3.3.0\opensaml-xacml-api-3.3.0.jar;C:\Users\telekunea\.m2\repository\org\opensaml\opensaml-xacml-saml-impl\3.3.0\opensaml-xacml-saml-impl-3.3.0.jar;C:\Users\telekunea\.m2\repository\org\opensaml\opensaml-xacml-saml-api\3.3.0\opensaml-xacml-saml-api-3.3.0.jar;C:\Users\telekunea\.m2\repository\org\jasypt\jasypt\1.9.2\jasypt-1.9.2.jar;C:\Users\telekunea\.m2\repository\org\apache\geronimo\javamail\geronimo-javamail_1.4_mail\1.8.4\geronimo-javamail_1.4_mail-1.8.4.jar;C:\Users\telekunea\.m2\repository\org\apache\wss4j\wss4j-policy\2.2.1\wss4j-policy-2.2.1.jar;C:\Users\telekunea\.m2\repository\org\apache\wss4j\wss4j-ws-security-stax\2.2.1\wss4j-ws-security-stax-2.2.1.jar;C:\Users\telekunea\.m2\repository\org\apache\wss4j\wss4j-bindings\2.2.1\wss4j-bindings-2.2.1.jar;C:\Users\telekunea\.m2\repository\org\apache\wss4j\wss4j-ws-security-policy-stax\2.2.1\wss4j-ws-security-policy-stax-2.2.1.jar;C:\Users\telekunea\.m2\repository\org\springframework\spring-web\5.0.6.RELEASE\spring-web-5.0.6.RELEASE.jar;C:\Users\telekunea\.m2\repository\org\springframework\spring-beans\5.0.6.RELEASE\spring-beans-5.0.6.RELEASE.jar;C:\Users\telekunea\.m2\repository\org\springframework\spring-webmvc\5.0.6.RELEASE\spring-webmvc-5.0.6.RELEASE.jar;C:\Users\telekunea\.m2\repository\org\springframework\spring-aop\5.0.6.RELEASE\spring-aop-5.0.6.RELEASE.jar;C:\Users\telekunea\.m2\repository\org\springframework\spring-context\5.0.6.RELEASE\spring-context-5.0.6.RELEASE.jar;C:\Users\telekunea\.m2\repository\org\springframework\spring-expression\5.0.6.RELEASE\spring-expression-5.0.6.RELEASE.jar;C:\Users\telekunea\.m2\repository\org\apache\cxf\cxf-bundle-jaxrs\2.3.2\cxf-bundle-jaxrs-2.3.2.jar;C:\Users\telekunea\.m2\repository\org\apache\ws\commons\schema\XmlSchema\1.4.7\XmlSchema-1.4.7.jar;C:\Users\telekunea\.m2\repository\org\codehaus\woodstox\woodstox-core-asl\4.0.8\woodstox-core-asl-4.0.8.jar;C:\Users\telekunea\.m2\repository\org\codehaus\woodstox\stax2-api\3.0.2\stax2-api-3.0.2.jar;C:\Users\telekunea\.m2\repository\org\apache\geronimo\specs\geronimo-stax-api_1.0_spec\1.0.1\geronimo-stax-api_1.0_spec-1.0.1.jar;C:\Users\telekunea\.m2\repository\org\apache\geronimo\specs\geronimo-annotation_1.0_spec\1.1.1\geronimo-annotation_1.0_spec-1.1.1.jar;C:\Users\telekunea\.m2\repository\javax\xml\bind\jaxb-api\2.3.0\jaxb-api-2.3.0.jar;C:\Users\telekunea\.m2\repository\wsdl4j\wsdl4j\1.6.3\wsdl4j-1.6.3.jar;C:\Users\telekunea\.m2\repository\commons-logging\commons-logging\1.1.1\commons-logging-1.1.1.jar;C:\Users\telekunea\.m2\repository\org\apache\geronimo\specs\geronimo-activation_1.1_spec\1.1\geronimo-activation_1.1_spec-1.1.jar;C:\Users\telekunea\.m2\repository\com\sun\xml\bind\jaxb-impl\2.2.1.1\jaxb-impl-2.2.1.1.jar;C:\Users\telekunea\.m2\repository\org\apache\geronimo\specs\geronimo-javamail_1.4_spec\1.7.1\geronimo-javamail_1.4_spec-1.7.1.jar;C:\Users\telekunea\.m2\repository\aopalliance\aopalliance\1.0\aopalliance-1.0.jar;C:\Users\telekunea\.m2\repository\org\springframework\spring-asm\3.0.5.RELEASE\spring-asm-3.0.5.RELEASE.jar;C:\Users\telekunea\.m2\repository\org\eclipse\jetty\jetty-server\9.4.10.v20180503\jetty-server-9.4.10.v20180503.jar;C:\Users\telekunea\.m2\repository\javax\servlet\javax.servlet-api\3.1.0\javax.servlet-api-3.1.0.jar;C:\Users\telekunea\.m2\repository\org\eclipse\jetty\jetty-continuation\9.4.10.v20180503\jetty-continuation-9.4.10.v20180503.jar;C:\Users\telekunea\.m2\repository\org\eclipse\jetty\jetty-http\9.4.10.v20180503\jetty-http-9.4.10.v20180503.jar;C:\Users\telekunea\.m2\repository\org\eclipse\jetty\jetty-io\9.4.10.v20180503\jetty-io-9.4.10.v20180503.jar;C:\Users\telekunea\.m2\repository\org\eclipse\jetty\jetty-util\9.4.10.v20180503\jetty-util-9.4.10.v20180503.jar;C:\Users\telekunea\.m2\repository\org\slf4j\slf4j-api\1.7.25\slf4j-api-1.7.25.jar;C:\Users\telekunea\.m2\repository\org\apache\geronimo\specs\geronimo-servlet_3.0_spec\1.0\geronimo-servlet_3.0_spec-1.0.jar;C:\Users\telekunea\.m2\repository\javax\ws\rs\jsr311-api\1.1.1\jsr311-api-1.1.1.jar;C:\Users\telekunea\.m2\repository\org\codehaus\jettison\jettison\1.2\jettison-1.2.jar;C:\Users\telekunea\.m2\repository\org\apache\commons\commons-lang3\3.7\commons-lang3-3.7.jar;C:\Users\telekunea\.m2\repository\org\apache\cxf\xjc-utils\cxf-xjc-runtime\3.2.1\cxf-xjc-runtime-3.2.1.jar;C:\Users\telekunea\.m2\repository\org\apache\cxf\cxf-rt-ws-policy\3.0.3\cxf-rt-ws-policy-3.0.3.jar;C:\Users\telekunea\.m2\repository\org\apache\neethi\neethi\3.1.1\neethi-3.1.1.jar;C:\Users\telekunea\.m2\repository\org\springframework\boot\spring-boot-starter-web\2.0.2.RELEASE\spring-boot-starter-web-2.0.2.RELEASE.jar;C:\Users\telekunea\.m2\repository\org\springframework\boot\spring-boot-starter-json\2.0.2.RELEASE\spring-boot-starter-json-2.0.2.RELEASE.jar;C:\Users\telekunea\.m2\repository\com\fasterxml\jackson\core\jackson-databind\2.9.5\jackson-databind-2.9.5.jar;C:\Users\telekunea\.m2\repository\com\fasterxml\jackson\core\jackson-annotations\2.9.0\jackson-annotations-2.9.0.jar;C:\Users\telekunea\.m2\repository\com\fasterxml\jackson\core\jackson-core\2.9.5\jackson-core-2.9.5.jar;C:\Users\telekunea\.m2\repository\com\fasterxml\jackson\datatype\jackson-datatype-jdk8\2.9.5\jackson-datatype-jdk8-2.9.5.jar;C:\Users\telekunea\.m2\repository\com\fasterxml\jackson\datatype\jackson-datatype-jsr310\2.9.5\jackson-datatype-jsr310-2.9.5.jar;C:\Users\telekunea\.m2\repository\com\fasterxml\jackson\module\jackson-module-parameter-names\2.9.5\jackson-module-parameter-names-2.9.5.jar;C:\Users\telekunea\.m2\repository\org\springframework\boot\spring-boot-starter-tomcat\2.0.2.RELEASE\spring-boot-starter-tomcat-2.0.2.RELEASE.jar;C:\Users\telekunea\.m2\repository\org\apache\tomcat\embed\tomcat-embed-core\8.5.31\tomcat-embed-core-8.5.31.jar;C:\Users\telekunea\.m2\repository\org\apache\tomcat\embed\tomcat-embed-el\8.5.31\tomcat-embed-el-8.5.31.jar;C:\Users\telekunea\.m2\repository\org\apache\tomcat\embed\tomcat-embed-websocket\8.5.31\tomcat-embed-websocket-8.5.31.jar;C:\Users\telekunea\.m2\repository\org\hibernate\validator\hibernate-validator\6.0.9.Final\hibernate-validator-6.0.9.Final.jar;C:\Users\telekunea\.m2\repository\javax\validation\validation-api\2.0.1.Final\validation-api-2.0.1.Final.jar;C:\Users\telekunea\.m2\repository\org\jboss\logging\jboss-logging\3.3.2.Final\jboss-logging-3.3.2.Final.jar;C:\Users\telekunea\.m2\repository\com\fasterxml\classmate\1.3.4\classmate-1.3.4.jar;C:\Users\telekunea\.m2\repository\com\google\code\gson\gson\2.8.0\gson-2.8.0.jar;"/>
    <property name="java.vm.vendor" value="Oracle Corporation"/>
    <property name="sun.arch.data.model" value="64"/>
    <property name="user.variant" value=""/>
    <property name="java.vendor.url" value="http://java.oracle.com/"/>
    <property name="user.timezone" value=""/>
    <property name="java.vm.specification.version" value="1.8"/>
    <property name="os.name" value="Windows 10"/>
    <property name="user.country" value="US"/>
    <property name="sun.java.launcher" value="SUN_STANDARD"/>
    <property name="sun.boot.library.path" value="C:\Program Files\Java\jdk1.8.0_171\jre\bin"/>
    <property name="sun.java.command" value="C:\Users\TELEKU~1\AppData\Local\Temp\surefire8741373608911194172\surefirebooter6135012226609295827.jar C:\Users\telekunea\AppData\Local\Temp\surefire8741373608911194172 2018-06-14T11-13-15_360-jvmRun1 surefire1806333951845394938tmp surefire_03411741386245225909tmp"/>
    <property name="surefire.test.class.path" value="C:\Users\telekunea\eclipse-workspace\spring-account-statements1\target\test-classes;C:\Users\telekunea\eclipse-workspace\spring-account-statements1\target\classes;C:\Users\telekunea\.m2\repository\org\springframework\boot\spring-boot-starter\2.0.2.RELEASE\spring-boot-starter-2.0.2.RELEASE.jar;C:\Users\telekunea\.m2\repository\org\springframework\boot\spring-boot\2.0.2.RELEASE\spring-boot-2.0.2.RELEASE.jar;C:\Users\telekunea\.m2\repository\org\springframework\boot\spring-boot-autoconfigure\2.0.2.RELEASE\spring-boot-autoconfigure-2.0.2.RELEASE.jar;C:\Users\telekunea\.m2\repository\org\springframework\boot\spring-boot-starter-logging\2.0.2.RELEASE\spring-boot-starter-logging-2.0.2.RELEASE.jar;C:\Users\telekunea\.m2\repository\ch\qos\logback\logback-classic\1.2.3\logback-classic-1.2.3.jar;C:\Users\telekunea\.m2\repository\ch\qos\logback\logback-core\1.2.3\logback-core-1.2.3.jar;C:\Users\telekunea\.m2\repository\org\apache\logging\log4j\log4j-to-slf4j\2.10.0\log4j-to-slf4j-2.10.0.jar;C:\Users\telekunea\.m2\repository\org\apache\logging\log4j\log4j-api\2.10.0\log4j-api-2.10.0.jar;C:\Users\telekunea\.m2\repository\org\slf4j\jul-to-slf4j\1.7.25\jul-to-slf4j-1.7.25.jar;C:\Users\telekunea\.m2\repository\javax\annotation\javax.annotation-api\1.3.2\javax.annotation-api-1.3.2.jar;C:\Users\telekunea\.m2\repository\org\springframework\spring-core\5.0.6.RELEASE\spring-core-5.0.6.RELEASE.jar;C:\Users\telekunea\.m2\repository\org\springframework\spring-jcl\5.0.6.RELEASE\spring-jcl-5.0.6.RELEASE.jar;C:\Users\telekunea\.m2\repository\org\yaml\snakeyaml\1.19\snakeyaml-1.19.jar;C:\Users\telekunea\.m2\repository\org\springframework\boot\spring-boot-starter-test\2.0.2.RELEASE\spring-boot-starter-test-2.0.2.RELEASE.jar;C:\Users\telekunea\.m2\repository\org\springframework\boot\spring-boot-test\2.0.2.RELEASE\spring-boot-test-2.0.2.RELEASE.jar;C:\Users\telekunea\.m2\repository\org\springframework\boot\spring-boot-test-autoconfigure\2.0.2.RELEASE\spring-boot-test-autoconfigure-2.0.2.RELEASE.jar;C:\Users\telekunea\.m2\repository\com\jayway\jsonpath\json-path\2.4.0\json-path-2.4.0.jar;C:\Users\telekunea\.m2\repository\net\minidev\json-smart\2.3\json-smart-2.3.jar;C:\Users\telekunea\.m2\repository\net\minidev\accessors-smart\1.2\accessors-smart-1.2.jar;C:\Users\telekunea\.m2\repository\org\assertj\assertj-core\3.9.1\assertj-core-3.9.1.jar;C:\Users\telekunea\.m2\repository\org\mockito\mockito-core\2.15.0\mockito-core-2.15.0.jar;C:\Users\telekunea\.m2\repository\net\bytebuddy\byte-buddy\1.7.11\byte-buddy-1.7.11.jar;C:\Users\telekunea\.m2\repository\net\bytebuddy\byte-buddy-agent\1.7.11\byte-buddy-agent-1.7.11.jar;C:\Users\telekunea\.m2\repository\org\objenesis\objenesis\2.6\objenesis-2.6.jar;C:\Users\telekunea\.m2\repository\org\hamcrest\hamcrest-core\1.3\hamcrest-core-1.3.jar;C:\Users\telekunea\.m2\repository\org\hamcrest\hamcrest-library\1.3\hamcrest-library-1.3.jar;C:\Users\telekunea\.m2\repository\org\skyscreamer\jsonassert\1.5.0\jsonassert-1.5.0.jar;C:\Users\telekunea\.m2\repository\com\vaadin\external\google\android-json\0.0.20131108.vaadin1\android-json-0.0.20131108.vaadin1.jar;C:\Users\telekunea\.m2\repository\org\springframework\spring-test\5.0.6.RELEASE\spring-test-5.0.6.RELEASE.jar;C:\Users\telekunea\.m2\repository\org\xmlunit\xmlunit-core\2.5.1\xmlunit-core-2.5.1.jar;C:\Users\telekunea\.m2\repository\junit\junit\4.12\junit-4.12.jar;C:\Users\telekunea\.m2\repository\org\apache\cxf\cxf-rt-frontend-jaxws\3.2.4\cxf-rt-frontend-jaxws-3.2.4.jar;C:\Users\telekunea\.m2\repository\xml-resolver\xml-resolver\1.2\xml-resolver-1.2.jar;C:\Users\telekunea\.m2\repository\org\ow2\asm\asm\5.2\asm-5.2.jar;C:\Users\telekunea\.m2\repository\org\apache\cxf\cxf-core\3.2.4\cxf-core-3.2.4.jar;C:\Users\telekunea\.m2\repository\com\fasterxml\woodstox\woodstox-core\5.0.3\woodstox-core-5.0.3.jar;C:\Users\telekunea\.m2\repository\org\apache\ws\xmlschema\xmlschema-core\2.2.3\xmlschema-core-2.2.3.jar;C:\Users\telekunea\.m2\repository\org\apache\cxf\cxf-rt-bindings-soap\3.2.4\cxf-rt-bindings-soap-3.2.4.jar;C:\Users\telekunea\.m2\repository\org\apache\cxf\cxf-rt-wsdl\3.2.4\cxf-rt-wsdl-3.2.4.jar;C:\Users\telekunea\.m2\repository\org\apache\cxf\cxf-rt-databinding-jaxb\3.2.4\cxf-rt-databinding-jaxb-3.2.4.jar;C:\Users\telekunea\.m2\repository\org\apache\cxf\cxf-rt-bindings-xml\3.2.4\cxf-rt-bindings-xml-3.2.4.jar;C:\Users\telekunea\.m2\repository\org\apache\cxf\cxf-rt-frontend-simple\3.2.4\cxf-rt-frontend-simple-3.2.4.jar;C:\Users\telekunea\.m2\repository\org\apache\cxf\cxf-rt-ws-addr\3.2.4\cxf-rt-ws-addr-3.2.4.jar;C:\Users\telekunea\.m2\repository\org\apache\cxf\cxf-rt-frontend-jaxrs\3.2.4\cxf-rt-frontend-jaxrs-3.2.4.jar;C:\Users\telekunea\.m2\repository\javax\ws\rs\javax.ws.rs-api\2.1\javax.ws.rs-api-2.1.jar;C:\Users\telekunea\.m2\repository\org\apache\cxf\cxf-rt-transports-http\3.2.4\cxf-rt-transports-http-3.2.4.jar;C:\Users\telekunea\.m2\repository\org\apache\cxf\cxf-rt-ws-security\3.2.4\cxf-rt-ws-security-3.2.4.jar;C:\Users\telekunea\.m2\repository\org\apache\cxf\cxf-rt-security-saml\3.2.4\cxf-rt-security-saml-3.2.4.jar;C:\Users\telekunea\.m2\repository\org\apache\cxf\cxf-rt-security\3.2.4\cxf-rt-security-3.2.4.jar;C:\Users\telekunea\.m2\repository\net\sf\ehcache\ehcache\2.10.4\ehcache-2.10.4.jar;C:\Users\telekunea\.m2\repository\org\apache\wss4j\wss4j-ws-security-dom\2.2.1\wss4j-ws-security-dom-2.2.1.jar;C:\Users\telekunea\.m2\repository\org\apache\wss4j\wss4j-ws-security-common\2.2.1\wss4j-ws-security-common-2.2.1.jar;C:\Users\telekunea\.m2\repository\org\apache\santuario\xmlsec\2.1.1\xmlsec-2.1.1.jar;C:\Users\telekunea\.m2\repository\commons-codec\commons-codec\1.11\commons-codec-1.11.jar;C:\Users\telekunea\.m2\repository\org\opensaml\opensaml-saml-impl\3.3.0\opensaml-saml-impl-3.3.0.jar;C:\Users\telekunea\.m2\repository\org\opensaml\opensaml-profile-api\3.3.0\opensaml-profile-api-3.3.0.jar;C:\Users\telekunea\.m2\repository\org\opensaml\opensaml-core\3.3.0\opensaml-core-3.3.0.jar;C:\Users\telekunea\.m2\repository\io\dropwizard\metrics\metrics-core\3.2.6\metrics-core-3.2.6.jar;C:\Users\telekunea\.m2\repository\org\opensaml\opensaml-saml-api\3.3.0\opensaml-saml-api-3.3.0.jar;C:\Users\telekunea\.m2\repository\org\opensaml\opensaml-xmlsec-api\3.3.0\opensaml-xmlsec-api-3.3.0.jar;C:\Users\telekunea\.m2\repository\org\opensaml\opensaml-soap-api\3.3.0\opensaml-soap-api-3.3.0.jar;C:\Users\telekunea\.m2\repository\org\opensaml\opensaml-security-impl\3.3.0\opensaml-security-impl-3.3.0.jar;C:\Users\telekunea\.m2\repository\org\opensaml\opensaml-security-api\3.3.0\opensaml-security-api-3.3.0.jar;C:\Users\telekunea\.m2\repository\org\cryptacular\cryptacular\1.1.1\cryptacular-1.1.1.jar;C:\Users\telekunea\.m2\repository\org\bouncycastle\bcprov-jdk15on\1.54\bcprov-jdk15on-1.54.jar;C:\Users\telekunea\.m2\repository\org\opensaml\opensaml-xmlsec-impl\3.3.0\opensaml-xmlsec-impl-3.3.0.jar;C:\Users\telekunea\.m2\repository\net\shibboleth\utilities\java-support\7.3.0\java-support-7.3.0.jar;C:\Users\telekunea\.m2\repository\com\google\guava\guava\19.0\guava-19.0.jar;C:\Users\telekunea\.m2\repository\joda-time\joda-time\2.9.9\joda-time-2.9.9.jar;C:\Users\telekunea\.m2\repository\org\opensaml\opensaml-xacml-impl\3.3.0\opensaml-xacml-impl-3.3.0.jar;C:\Users\telekunea\.m2\repository\org\opensaml\opensaml-xacml-api\3.3.0\opensaml-xacml-api-3.3.0.jar;C:\Users\telekunea\.m2\repository\org\opensaml\opensaml-xacml-saml-impl\3.3.0\opensaml-xacml-saml-impl-3.3.0.jar;C:\Users\telekunea\.m2\repository\org\opensaml\opensaml-xacml-saml-api\3.3.0\opensaml-xacml-saml-api-3.3.0.jar;C:\Users\telekunea\.m2\repository\org\jasypt\jasypt\1.9.2\jasypt-1.9.2.jar;C:\Users\telekunea\.m2\repository\org\apache\geronimo\javamail\geronimo-javamail_1.4_mail\1.8.4\geronimo-javamail_1.4_mail-1.8.4.jar;C:\Users\telekunea\.m2\repository\org\apache\wss4j\wss4j-policy\2.2.1\wss4j-policy-2.2.1.jar;C:\Users\telekunea\.m2\repository\org\apache\wss4j\wss4j-ws-security-stax\2.2.1\wss4j-ws-security-stax-2.2.1.jar;C:\Users\telekunea\.m2\repository\org\apache\wss4j\wss4j-bindings\2.2.1\wss4j-bindings-2.2.1.jar;C:\Users\telekunea\.m2\repository\org\apache\wss4j\wss4j-ws-security-policy-stax\2.2.1\wss4j-ws-security-policy-stax-2.2.1.jar;C:\Users\telekunea\.m2\repository\org\springframework\spring-web\5.0.6.RELEASE\spring-web-5.0.6.RELEASE.jar;C:\Users\telekunea\.m2\repository\org\springframework\spring-beans\5.0.6.RELEASE\spring-beans-5.0.6.RELEASE.jar;C:\Users\telekunea\.m2\repository\org\springframework\spring-webmvc\5.0.6.RELEASE\spring-webmvc-5.0.6.RELEASE.jar;C:\Users\telekunea\.m2\repository\org\springframework\spring-aop\5.0.6.RELEASE\spring-aop-5.0.6.RELEASE.jar;C:\Users\telekunea\.m2\repository\org\springframework\spring-context\5.0.6.RELEASE\spring-context-5.0.6.RELEASE.jar;C:\Users\telekunea\.m2\repository\org\springframework\spring-expression\5.0.6.RELEASE\spring-expression-5.0.6.RELEASE.jar;C:\Users\telekunea\.m2\repository\org\apache\cxf\cxf-bundle-jaxrs\2.3.2\cxf-bundle-jaxrs-2.3.2.jar;C:\Users\telekunea\.m2\repository\org\apache\ws\commons\schema\XmlSchema\1.4.7\XmlSchema-1.4.7.jar;C:\Users\telekunea\.m2\repository\org\codehaus\woodstox\woodstox-core-asl\4.0.8\woodstox-core-asl-4.0.8.jar;C:\Users\telekunea\.m2\repository\org\codehaus\woodstox\stax2-api\3.0.2\stax2-api-3.0.2.jar;C:\Users\telekunea\.m2\repository\org\apache\geronimo\specs\geronimo-stax-api_1.0_spec\1.0.1\geronimo-stax-api_1.0_spec-1.0.1.jar;C:\Users\telekunea\.m2\repository\org\apache\geronimo\specs\geronimo-annotation_1.0_spec\1.1.1\geronimo-annotation_1.0_spec-1.1.1.jar;C:\Users\telekunea\.m2\repository\javax\xml\bind\jaxb-api\2.3.0\jaxb-api-2.3.0.jar;C:\Users\telekunea\.m2\repository\wsdl4j\wsdl4j\1.6.3\wsdl4j-1.6.3.jar;C:\Users\telekunea\.m2\repository\commons-logging\commons-logging\1.1.1\commons-logging-1.1.1.jar;C:\Users\telekunea\.m2\repository\org\apache\geronimo\specs\geronimo-activation_1.1_spec\1.1\geronimo-activation_1.1_spec-1.1.jar;C:\Users\telekunea\.m2\repository\com\sun\xml\bind\jaxb-impl\2.2.1.1\jaxb-impl-2.2.1.1.jar;C:\Users\telekunea\.m2\repository\org\apache\geronimo\specs\geronimo-javamail_1.4_spec\1.7.1\geronimo-javamail_1.4_spec-1.7.1.jar;C:\Users\telekunea\.m2\repository\aopalliance\aopalliance\1.0\aopalliance-1.0.jar;C:\Users\telekunea\.m2\repository\org\springframework\spring-asm\3.0.5.RELEASE\spring-asm-3.0.5.RELEASE.jar;C:\Users\telekunea\.m2\repository\org\eclipse\jetty\jetty-server\9.4.10.v20180503\jetty-server-9.4.10.v20180503.jar;C:\Users\telekunea\.m2\repository\javax\servlet\javax.servlet-api\3.1.0\javax.servlet-api-3.1.0.jar;C:\Users\telekunea\.m2\repository\org\eclipse\jetty\jetty-continuation\9.4.10.v20180503\jetty-continuation-9.4.10.v20180503.jar;C:\Users\telekunea\.m2\repository\org\eclipse\jetty\jetty-http\9.4.10.v20180503\jetty-http-9.4.10.v20180503.jar;C:\Users\telekunea\.m2\repository\org\eclipse\jetty\jetty-io\9.4.10.v20180503\jetty-io-9.4.10.v20180503.jar;C:\Users\telekunea\.m2\repository\org\eclipse\jetty\jetty-util\9.4.10.v20180503\jetty-util-9.4.10.v20180503.jar;C:\Users\telekunea\.m2\repository\org\slf4j\slf4j-api\1.7.25\slf4j-api-1.7.25.jar;C:\Users\telekunea\.m2\repository\org\apache\geronimo\specs\geronimo-servlet_3.0_spec\1.0\geronimo-servlet_3.0_spec-1.0.jar;C:\Users\telekunea\.m2\repository\javax\ws\rs\jsr311-api\1.1.1\jsr311-api-1.1.1.jar;C:\Users\telekunea\.m2\repository\org\codehaus\jettison\jettison\1.2\jettison-1.2.jar;C:\Users\telekunea\.m2\repository\org\apache\commons\commons-lang3\3.7\commons-lang3-3.7.jar;C:\Users\telekunea\.m2\repository\org\apache\cxf\xjc-utils\cxf-xjc-runtime\3.2.1\cxf-xjc-runtime-3.2.1.jar;C:\Users\telekunea\.m2\repository\org\apache\cxf\cxf-rt-ws-policy\3.0.3\cxf-rt-ws-policy-3.0.3.jar;C:\Users\telekunea\.m2\repository\org\apache\neethi\neethi\3.1.1\neethi-3.1.1.jar;C:\Users\telekunea\.m2\repository\org\springframework\boot\spring-boot-starter-web\2.0.2.RELEASE\spring-boot-starter-web-2.0.2.RELEASE.jar;C:\Users\telekunea\.m2\repository\org\springframework\boot\spring-boot-starter-json\2.0.2.RELEASE\spring-boot-starter-json-2.0.2.RELEASE.jar;C:\Users\telekunea\.m2\repository\com\fasterxml\jackson\core\jackson-databind\2.9.5\jackson-databind-2.9.5.jar;C:\Users\telekunea\.m2\repository\com\fasterxml\jackson\core\jackson-annotations\2.9.0\jackson-annotations-2.9.0.jar;C:\Users\telekunea\.m2\repository\com\fasterxml\jackson\core\jackson-core\2.9.5\jackson-core-2.9.5.jar;C:\Users\telekunea\.m2\repository\com\fasterxml\jackson\datatype\jackson-datatype-jdk8\2.9.5\jackson-datatype-jdk8-2.9.5.jar;C:\Users\telekunea\.m2\repository\com\fasterxml\jackson\datatype\jackson-datatype-jsr310\2.9.5\jackson-datatype-jsr310-2.9.5.jar;C:\Users\telekunea\.m2\repository\com\fasterxml\jackson\module\jackson-module-parameter-names\2.9.5\jackson-module-parameter-names-2.9.5.jar;C:\Users\telekunea\.m2\repository\org\springframework\boot\spring-boot-starter-tomcat\2.0.2.RELEASE\spring-boot-starter-tomcat-2.0.2.RELEASE.jar;C:\Users\telekunea\.m2\repository\org\apache\tomcat\embed\tomcat-embed-core\8.5.31\tomcat-embed-core-8.5.31.jar;C:\Users\telekunea\.m2\repository\org\apache\tomcat\embed\tomcat-embed-el\8.5.31\tomcat-embed-el-8.5.31.jar;C:\Users\telekunea\.m2\repository\org\apache\tomcat\embed\tomcat-embed-websocket\8.5.31\tomcat-embed-websocket-8.5.31.jar;C:\Users\telekunea\.m2\repository\org\hibernate\validator\hibernate-validator\6.0.9.Final\hibernate-validator-6.0.9.Final.jar;C:\Users\telekunea\.m2\repository\javax\validation\validation-api\2.0.1.Final\validation-api-2.0.1.Final.jar;C:\Users\telekunea\.m2\repository\org\jboss\logging\jboss-logging\3.3.2.Final\jboss-logging-3.3.2.Final.jar;C:\Users\telekunea\.m2\repository\com\fasterxml\classmate\1.3.4\classmate-1.3.4.jar;C:\Users\telekunea\.m2\repository\com\google\code\gson\gson\2.8.0\gson-2.8.0.jar;"/>
    <property name="sun.cpu.endian" value="little"/>
    <property name="user.home" value="C:\Users\telekunea"/>
    <property name="user.language" value="en"/>
    <property name="java.specification.vendor" value="Oracle Corporation"/>
    <property name="java.home" value="C:\Program Files\Java\jdk1.8.0_171\jre"/>
    <property name="basedir" value="C:\Users\telekunea\eclipse-workspace\spring-account-statements1"/>
    <property name="file.separator" value="\"/>
    <property name="line.separator" value="&#10;"/>
    <property name="java.vm.specification.vendor" value="Oracle Corporation"/>
    <property name="java.specification.name" value="Java Platform API Specification"/>
    <property name="java.awt.graphicsenv" value="sun.awt.Win32GraphicsEnvironment"/>
    <property name="surefire.real.class.path" value="C:\Users\TELEKU~1\AppData\Local\Temp\surefire8741373608911194172\surefirebooter6135012226609295827.jar"/>
    <property name="sun.boot.class.path" value="C:\Program Files\Java\jdk1.8.0_171\jre\lib\resources.jar;C:\Program Files\Java\jdk1.8.0_171\jre\lib\rt.jar;C:\Program Files\Java\jdk1.8.0_171\jre\lib\sunrsasign.jar;C:\Program Files\Java\jdk1.8.0_171\jre\lib\jsse.jar;C:\Program Files\Java\jdk1.8.0_171\jre\lib\jce.jar;C:\Program Files\Java\jdk1.8.0_171\jre\lib\charsets.jar;C:\Program Files\Java\jdk1.8.0_171\jre\lib\jfr.jar;C:\Program Files\Java\jdk1.8.0_171\jre\classes"/>
    <property name="user.script" value=""/>
    <property name="sun.management.compiler" value="HotSpot 64-Bit Tiered Compilers"/>
    <property name="java.runtime.version" value="1.8.0_171-b11"/>
    <property name="user.name" value="telekunea"/>
    <property name="path.separator" value=";"/>
    <property name="os.version" value="10.0"/>
    <property name="java.endorsed.dirs" value="C:\Program Files\Java\jdk1.8.0_171\jre\lib\endorsed"/>
    <property name="java.runtime.name" value="Java(TM) SE Runtime Environment"/>
    <property name="file.encoding" value="Cp1252"/>
    <property name="java.vm.name" value="Java HotSpot(TM) 64-Bit Server VM"/>
    <property name="localRepository" value="C:\Users\telekunea\.m2\repository"/>
    <property name="java.vendor.url.bug" value="http://bugreport.sun.com/bugreport/"/>
    <property name="java.io.tmpdir" value="C:\Users\TELEKU~1\AppData\Local\Temp\"/>
    <property name="java.version" value="1.8.0_171"/>
    <property name="user.dir" value="C:\Users\telekunea\eclipse-workspace\spring-account-statements1"/>
    <property name="os.arch" value="amd64"/>
    <property name="java.vm.specification.name" value="Java Virtual Machine Specification"/>
    <property name="java.awt.printerjob" value="sun.awt.windows.WPrinterJob"/>
    <property name="sun.os.patch.level" value=""/>
    <property name="java.library.path" value="C:\Program Files\Java\jdk1.8.0_171\jre\bin;C:\windows\Sun\Java\bin;C:\windows\system32;C:\windows;C:/Program Files/Java/jre1.8.0_171/bin/server;C:/Program Files/Java/jre1.8.0_171/bin;C:/Program Files/Java/jre1.8.0_171/lib/amd64;C:\Program Files\Docker\Docker\Resources\bin;C:\Program Files (x86)\Common Files\Oracle\Java\javapath;C:\ProgramData\Oracle\Java\javapath;C:\windows\system32;C:\windows;C:\windows\System32\Wbem;C:\windows\System32\WindowsPowerShell\v1.0\;C:\Program Files (x86)\PuTTY\;C:\Program Files\TortoiseSVN\bin;C:\Program Files\PuTTY\;C:\Users\telekunea\AppData\Local\Microsoft\WindowsApps;C:\Program Files\Java\jdk1.8.0_171\bin;;C:\windows\system32;;."/>
    <property name="java.vm.info" value="mixed mode"/>
    <property name="java.vendor" value="Oracle Corporation"/>
    <property name="java.vm.version" value="25.171-b11"/>
    <property name="java.ext.dirs" value="C:\Program Files\Java\jdk1.8.0_171\jre\lib\ext;C:\windows\Sun\Java\lib\ext"/>
    <property name="sun.io.unicode.encoding" value="UnicodeLittle"/>
    <property name="java.class.version" value="52.0"/>
  </properties>
  <testcase name="contextLoads" classname="com.example.demo.SpringAccountStatements1ApplicationTests" time="0.167"/>
</testsuite>